# JRE version: Java(TM) SE Runtime Environment 18.9 (11.0.15+8) (build 11.0.15+8-LTS-149)
# Java VM: Java HotSpot(TM) 64-Bit Server VM 18.9 (11.0.15+8-LTS-149, mixed mode, tiered, compressed oops, g1 gc, windows-amd64)
Heap:
 garbage-first heap   total 118784K, used 90245K [0x00000000a1c00000, 0x0000000100000000)
  region size 1024K, 65 young (66560K), 2 survivors (2048K)
 Metaspace       used 72414K, capacity 74180K, committed 74316K, reserved 1114112K
  class space    used 8755K, capacity 9455K, committed 9548K, reserved 1048576K
GC Heap History (10 events):
Event: 1458.917 GC heap before
{Heap before GC invocations=12 (full 0):
 garbage-first heap   total 118784K, used 88718K [0x00000000a1c00000, 0x0000000100000000)
  region size 1024K, 69 young (70656K), 6 survivors (6144K)
 Metaspace       used 71770K, capacity 73525K, committed 73804K, reserved 1114112K
  class space    used 8751K, capacity 9455K, committed 9548K, reserved 1048576K
}
Event: 1458.965 GC heap after
{Heap after GC invocations=13 (full 0):
 garbage-first heap   total 118784K, used 26695K [0x00000000a1c00000, 0x0000000100000000)
  region size 1024K, 6 young (6144K), 6 survivors (6144K)
 Metaspace       used 71770K, capacity 73525K, committed 73804K, reserved 1114112K
  class space    used 8751K, capacity 9455K, committed 9548K, reserved 1048576K
}
Event: 1466.422 GC heap before
{Heap before GC invocations=13 (full 0):
 garbage-first heap   total 118784K, used 91207K [0x00000000a1c00000, 0x0000000100000000)
  region size 1024K, 69 young (70656K), 6 survivors (6144K)
 Metaspace       used 72202K, capacity 73982K, committed 74316K, reserved 1114112K
  class space    used 8753K, capacity 9455K, committed 9548K, reserved 1048576K
}
Event: 1466.433 GC heap after
{Heap after GC invocations=14 (full 0):
 garbage-first heap   total 118784K, used 27186K [0x00000000a1c00000, 0x0000000100000000)
  region size 1024K, 3 young (3072K), 3 survivors (3072K)
 Metaspace       used 72202K, capacity 73982K, committed 74316K, reserved 1114112K
  class space    used 8753K, capacity 9455K, committed 9548K, reserved 1048576K
}
Event: 1471.499 GC heap before
{Heap before GC invocations=14 (full 0):
 garbage-first heap   total 118784K, used 92722K [0x00000000a1c00000, 0x0000000100000000)
  region size 1024K, 67 young (68608K), 3 survivors (3072K)
 Metaspace       used 72395K, capacity 74180K, committed 74316K, reserved 1114112K
  class space    used 8753K, capacity 9455K, committed 9548K, reserved 1048576K
}
Event: 1471.507 GC heap after
{Heap after GC invocations=15 (full 0):
 garbage-first heap   total 118784K, used 26788K [0x00000000a1c00000, 0x0000000100000000)
  region size 1024K, 2 young (2048K), 2 survivors (2048K)
 Metaspace       used 72395K, capacity 74180K, committed 74316K, reserved 1114112K
  class space    used 8753K, capacity 9455K, committed 9548K, reserved 1048576K
}
Event: 1480.108 GC heap before
{Heap before GC invocations=15 (full 0):
 garbage-first heap   total 118784K, used 94372K [0x00000000a1c00000, 0x0000000100000000)
  region size 1024K, 68 young (69632K), 2 survivors (2048K)
 Metaspace       used 72408K, capacity 74180K, committed 74316K, reserved 1114112K
  class space    used 8753K, capacity 9455K, committed 9548K, reserved 1048576K
}
Event: 1480.118 GC heap after
{Heap after GC invocations=16 (full 0):
 garbage-first heap   total 118784K, used 26713K [0x00000000a1c00000, 0x0000000100000000)
  region size 1024K, 2 young (2048K), 2 survivors (2048K)
 Metaspace       used 72408K, capacity 74180K, committed 74316K, reserved 1114112K
  class space    used 8753K, capacity 9455K, committed 9548K, reserved 1048576K
}
Event: 1488.278 GC heap before
{Heap before GC invocations=16 (full 0):
 garbage-first heap   total 118784K, used 95321K [0x00000000a1c00000, 0x0000000100000000)
  region size 1024K, 69 young (70656K), 2 survivors (2048K)
 Metaspace       used 72411K, capacity 74180K, committed 74316K, reserved 1114112K
  class space    used 8754K, capacity 9455K, committed 9548K, reserved 1048576K
}
Event: 1488.286 GC heap after
{Heap after GC invocations=17 (full 0):
 garbage-first heap   total 118784K, used 26757K [0x00000000a1c00000, 0x0000000100000000)
  region size 1024K, 2 young (2048K), 2 survivors (2048K)
 Metaspace       used 72411K, capacity 74180K, committed 74316K, reserved 1114112K
  class space    used 8754K, capacity 9455K, committed 9548K, reserved 1048576K
}

